This file contains any messages produced by compilers while
running configure, to aid debugging if configure makes a mistake.

It was created by my-plugin-package configure 0.10.0, which was
generated by GNU Autoconf 2.67.  Invocation command line was

  $ ./configure --build=i686-linux-gnu --prefix=/usr --includedir=${prefix}/include --mandir=${prefix}/share/man --infodir=${prefix}/share/info --sysconfdir=/etc --localstatedir=/var --libexecdir=${prefix}/lib/gstreamer0.10-delta --disable-maintainer-mode --disable-dependency-tracking

## --------- ##
## Platform. ##
## --------- ##

hostname = robert-desktop
uname -m = i686
uname -r = 2.6.36-rc8-d-r-t.pflip.vblank
uname -s = Linux
uname -v = #2 SMP Sat Oct 30 18:21:59 EDT 2010

/usr/bin/uname -p = unknown
/bin/uname -X     = unknown

/bin/arch              = unknown
/usr/bin/arch -k       = unknown
/usr/convex/getsysinfo = unknown
/usr/bin/hostinfo      = unknown
/bin/machine           = unknown
/usr/bin/oslevel       = unknown
/bin/universe          = unknown

PATH: /usr/sbin
PATH: /usr/bin
PATH: /sbin
PATH: /bin
PATH: /usr/bin/X11


## ----------- ##
## Core tests. ##
## ----------- ##

configure:2289: checking for a BSD-compatible install
configure:2357: result: /usr/bin/install -c
configure:2368: checking whether build environment is sane
configure:2418: result: yes
configure:2559: checking for a thread-safe mkdir -p
configure:2598: result: /bin/mkdir -p
configure:2611: checking for gawk
configure:2627: found /usr/bin/gawk
configure:2638: result: gawk
configure:2649: checking whether make sets $(MAKE)
configure:2671: result: yes
configure:2753: checking whether to disable maintainer-specific portions of Makefiles
configure:2762: result: no
configure:2824: checking for gcc
configure:2840: found /usr/bin/gcc
configure:2851: result: gcc
configure:3080: checking for C compiler version
configure:3089: gcc --version >&5
gcc (Ubuntu/Linaro 4.4.4-14ubuntu5) 4.4.5
Copyright (C) 2010 Free Software Foundation, Inc.
This is free software; see the source for copying conditions.  There is NO
warranty; not even for MERCHANTABILITY or FITNESS FOR A PARTICULAR PURPOSE.

configure:3100: $? = 0
configure:3089: gcc -v >&5
Using built-in specs.
Target: i686-linux-gnu
Configured with: ../src/configure -v --with-pkgversion='Ubuntu/Linaro 4.4.4-14ubuntu5' --with-bugurl=file:///usr/share/doc/gcc-4.4/README.Bugs --enable-languages=c,c++,fortran,objc,obj-c++ --prefix=/usr --program-suffix=-4.4 --enable-shared --enable-multiarch --enable-linker-build-id --with-system-zlib --libexecdir=/usr/lib --without-included-gettext --enable-threads=posix --with-gxx-include-dir=/usr/include/c++/4.4 --libdir=/usr/lib --enable-nls --with-sysroot=/ --enable-clocale=gnu --enable-libstdcxx-debug --enable-objc-gc --enable-targets=all --disable-werror --with-arch-32=i686 --with-tune=generic --enable-checking=release --build=i686-linux-gnu --host=i686-linux-gnu --target=i686-linux-gnu
Thread model: posix
gcc version 4.4.5 (Ubuntu/Linaro 4.4.4-14ubuntu5) 
configure:3100: $? = 0
configure:3089: gcc -V >&5
gcc: '-V' option must have argument
configure:3100: $? = 1
configure:3089: gcc -qversion >&5
gcc: unrecognized option '-qversion'
gcc: no input files
configure:3100: $? = 1
configure:3120: checking whether the C compiler works
configure:3142: gcc -g -O2  -Wl,-Bsymbolic-functions conftest.c  >&5
configure:3146: $? = 0
configure:3194: result: yes
configure:3197: checking for C compiler default output file name
configure:3199: result: a.out
configure:3205: checking for suffix of executables
configure:3212: gcc -o conftest -g -O2  -Wl,-Bsymbolic-functions conftest.c  >&5
configure:3216: $? = 0
configure:3238: result: 
configure:3260: checking whether we are cross compiling
configure:3268: gcc -o conftest -g -O2  -Wl,-Bsymbolic-functions conftest.c  >&5
configure:3272: $? = 0
configure:3279: ./conftest
configure:3283: $? = 0
configure:3298: result: no
configure:3303: checking for suffix of object files
configure:3325: gcc -c -g -O2  conftest.c >&5
configure:3329: $? = 0
configure:3350: result: o
configure:3354: checking whether we are using the GNU C compiler
configure:3373: gcc -c -g -O2  conftest.c >&5
configure:3373: $? = 0
configure:3382: result: yes
configure:3391: checking whether gcc accepts -g
configure:3411: gcc -c -g  conftest.c >&5
configure:3411: $? = 0
configure:3452: result: yes
configure:3469: checking for gcc option to accept ISO C89
configure:3533: gcc  -c -g -O2  conftest.c >&5
configure:3533: $? = 0
configure:3546: result: none needed
configure:3577: checking for style of include used by make
configure:3605: result: GNU
configure:3630: checking dependency style of gcc
configure:3740: result: none
configure:3786: checking build system type
configure:3800: result: i686-pc-linux-gnu
configure:3820: checking host system type
configure:3833: result: i686-pc-linux-gnu
configure:3853: checking for a sed that does not truncate output
configure:3917: result: /bin/sed
configure:3935: checking for grep that handles long lines and -e
configure:3993: result: /bin/grep
configure:3998: checking for egrep
configure:4060: result: /bin/grep -E
configure:4065: checking for fgrep
configure:4127: result: /bin/grep -F
configure:4162: checking for ld used by gcc
configure:4229: result: /usr/bin/ld
configure:4236: checking if the linker (/usr/bin/ld) is GNU ld
configure:4251: result: yes
configure:4263: checking for BSD- or MS-compatible name lister (nm)
configure:4312: result: /usr/bin/nm -B
configure:4430: checking the name lister (/usr/bin/nm -B) interface
configure:4437: gcc -c -g -O2  conftest.c >&5
configure:4440: /usr/bin/nm -B "conftest.o"
configure:4443: output
00000000 B some_variable
configure:4450: result: BSD nm
configure:4453: checking whether ln -s works
configure:4457: result: yes
configure:4465: checking the maximum length of command line arguments
configure:4585: result: 805306365
configure:4602: checking whether the shell understands some XSI constructs
configure:4612: result: yes
configure:4616: checking whether the shell understands "+="
configure:4622: result: yes
configure:4657: checking for /usr/bin/ld option to reload object files
configure:4664: result: -r
configure:4733: checking for objdump
configure:4749: found /usr/bin/objdump
configure:4760: result: objdump
configure:4792: checking how to recognize dependent libraries
configure:4988: result: pass_all
configure:5048: checking for ar
configure:5064: found /usr/bin/ar
configure:5075: result: ar
configure:5153: checking for strip
configure:5169: found /usr/bin/strip
configure:5180: result: strip
configure:5252: checking for ranlib
configure:5268: found /usr/bin/ranlib
configure:5279: result: ranlib
configure:5369: checking command to parse /usr/bin/nm -B output from gcc object
configure:5487: gcc -c -g -O2  conftest.c >&5
configure:5490: $? = 0
configure:5494: /usr/bin/nm -B conftest.o \| sed -n -e 's/^.*[	 ]\([ABCDGIRSTW][ABCDGIRSTW]*\)[	 ][	 ]*\([_A-Za-z][_A-Za-z0-9]*\)$/\1 \2 \2/p' \> conftest.nm
configure:5497: $? = 0
configure:5551: gcc -o conftest -g -O2  -Wl,-Bsymbolic-functions conftest.c conftstm.o >&5
configure:5554: $? = 0
configure:5592: result: ok
configure:6401: checking how to run the C preprocessor
configure:6432: gcc -E  conftest.c
configure:6432: $? = 0
configure:6446: gcc -E  conftest.c
conftest.c:11: fatal error: ac_nonexistent.h: No such file or directory
compilation terminated.
configure:6446: $? = 1
configure: failed program was:
| /* confdefs.h */
| #define PACKAGE_NAME "delta-package"
| #define PACKAGE_TARNAME "delta-package"
| #define PACKAGE_VERSION "0.10.0"
| #define PACKAGE_STRING "delta-package 0.10.0"
| #define PACKAGE_BUGREPORT ""
| #define PACKAGE_URL ""
| #define PACKAGE "my-plugin-package"
| #define VERSION "0.10.0"
| /* end confdefs.h.  */
| #include <ac_nonexistent.h>
configure:6471: result: gcc -E
configure:6491: gcc -E  conftest.c
configure:6491: $? = 0
configure:6505: gcc -E  conftest.c
conftest.c:11: fatal error: ac_nonexistent.h: No such file or directory
compilation terminated.
configure:6505: $? = 1
configure: failed program was:
| /* confdefs.h */
| #define PACKAGE_NAME "delta-package"
| #define PACKAGE_TARNAME "delta-package"
| #define PACKAGE_VERSION "0.10.0"
| #define PACKAGE_STRING "delta-package 0.10.0"
| #define PACKAGE_BUGREPORT ""
| #define PACKAGE_URL ""
| #define PACKAGE "my-plugin-package"
| #define VERSION "0.10.0"
| /* end confdefs.h.  */
| #include <ac_nonexistent.h>
configure:6534: checking for ANSI C header files
configure:6554: gcc -c -g -O2  conftest.c >&5
configure:6554: $? = 0
configure:6627: gcc -o conftest -g -O2  -Wl,-Bsymbolic-functions conftest.c  >&5
configure:6627: $? = 0
configure:6627: ./conftest
configure:6627: $? = 0
configure:6638: result: yes
configure:6651: checking for sys/types.h
configure:6651: gcc -c -g -O2  conftest.c >&5
configure:6651: $? = 0
configure:6651: result: yes
configure:6651: checking for sys/stat.h
configure:6651: gcc -c -g -O2  conftest.c >&5
configure:6651: $? = 0
configure:6651: result: yes
configure:6651: checking for stdlib.h
configure:6651: gcc -c -g -O2  conftest.c >&5
configure:6651: $? = 0
configure:6651: result: yes
configure:6651: checking for string.h
configure:6651: gcc -c -g -O2  conftest.c >&5
configure:6651: $? = 0
configure:6651: result: yes
configure:6651: checking for memory.h
configure:6651: gcc -c -g -O2  conftest.c >&5
configure:6651: $? = 0
configure:6651: result: yes
configure:6651: checking for strings.h
configure:6651: gcc -c -g -O2  conftest.c >&5
configure:6651: $? = 0
configure:6651: result: yes
configure:6651: checking for inttypes.h
configure:6651: gcc -c -g -O2  conftest.c >&5
configure:6651: $? = 0
configure:6651: result: yes
configure:6651: checking for stdint.h
configure:6651: gcc -c -g -O2  conftest.c >&5
configure:6651: $? = 0
configure:6651: result: yes
configure:6651: checking for unistd.h
configure:6651: gcc -c -g -O2  conftest.c >&5
configure:6651: $? = 0
configure:6651: result: yes
configure:6665: checking for dlfcn.h
configure:6665: gcc -c -g -O2  conftest.c >&5
configure:6665: $? = 0
configure:6665: result: yes
configure:6849: checking for objdir
configure:6864: result: .libs
configure:7156: checking if gcc supports -fno-rtti -fno-exceptions
configure:7174: gcc -c -g -O2  -fno-rtti -fno-exceptions conftest.c >&5
cc1: warning: command line option "-fno-rtti" is valid for C++/ObjC++ but not for C
configure:7178: $? = 0
configure:7191: result: no
configure:7211: checking for gcc option to produce PIC
configure:7483: result: -fPIC -DPIC
configure:7495: checking if gcc PIC flag -fPIC -DPIC works
configure:7513: gcc -c -g -O2  -fPIC -DPIC -DPIC conftest.c >&5
configure:7517: $? = 0
configure:7530: result: yes
configure:7554: checking if gcc static flag -static works
configure:7582: result: yes
configure:7597: checking if gcc supports -c -o file.o
configure:7618: gcc -c -g -O2  -o out/conftest2.o conftest.c >&5
configure:7622: $? = 0
configure:7644: result: yes
configure:7652: checking if gcc supports -c -o file.o
configure:7699: result: yes
configure:7732: checking whether the gcc linker (/usr/bin/ld) supports shared libraries
configure:8723: result: yes
configure:8760: checking whether -lc should be explicitly linked in
configure:8765: gcc -c -g -O2  conftest.c >&5
configure:8768: $? = 0
configure:8783: gcc -shared conftest.o  -v -Wl,-soname -Wl,conftest -o conftest 2\>\&1 \| /bin/grep  -lc  \>/dev/null 2\>\&1
configure:8786: $? = 0
configure:8798: result: no
configure:8962: checking dynamic linker characteristics
configure:9395: gcc -o conftest -g -O2  -Wl,-Bsymbolic-functions -Wl,-rpath -Wl,/foo conftest.c  >&5
configure:9395: $? = 0
configure:9625: result: GNU/Linux ld.so
configure:9727: checking how to hardcode library paths into programs
configure:9752: result: immediate
configure:10272: checking whether stripping libraries is possible
configure:10277: result: yes
configure:10312: checking if libtool supports shared libraries
configure:10314: result: yes
configure:10317: checking whether to build shared libraries
configure:10338: result: yes
configure:10341: checking whether to build static libraries
configure:10345: result: yes
configure:10383: checking for pkg-config
configure:10399: found /usr/bin/pkg-config
configure:10413: result:  
configure:10475: checking for pkg-config
configure:10493: found /usr/bin/pkg-config
configure:10505: result: /usr/bin/pkg-config
configure:10530: checking pkg-config is at least version 0.9.0
configure:10533: result: yes
configure:10543: checking for GST
configure:10554: $PKG_CONFIG --exists --print-errors "
  gstreamer-0.10 >= $GST_REQUIRED
  gstreamer-base-0.10 >= $GST_REQUIRED
  gstreamer-controller-0.10 >= $GST_REQUIRED
"
configure:10561: $? = 0
configure:10582: $PKG_CONFIG --exists --print-errors "
  gstreamer-0.10 >= $GST_REQUIRED
  gstreamer-base-0.10 >= $GST_REQUIRED
  gstreamer-controller-0.10 >= $GST_REQUIRED
"
configure:10589: $? = 0
configure:10654: result: yes
configure:10662: checking to see if compiler understands -Wall
configure:10677: gcc -c -g -O2 -Wall  conftest.c >&5
configure:10677: $? = 0
configure:10680: result: yes
configure:10826: creating ./config.status

## ---------------------- ##
## Running config.status. ##
## ---------------------- ##

This file was extended by my-plugin-package config.status 0.10.0, which was
generated by GNU Autoconf 2.67.  Invocation command line was

  CONFIG_FILES    = 
  CONFIG_HEADERS  = 
  CONFIG_LINKS    = 
  CONFIG_COMMANDS = 
  $ ./config.status 

on robert-desktop

config.status:1080: creating Makefile
config.status:1080: creating src/Makefile
config.status:1080: creating config.h
config.status:1308: executing depfiles commands
config.status:1308: executing libtool commands

## ---------------- ##
## Cache variables. ##
## ---------------- ##

ac_cv_build=i686-pc-linux-gnu
ac_cv_c_compiler_gnu=yes
ac_cv_env_CC_set=
ac_cv_env_CC_value=
ac_cv_env_CFLAGS_set=set
ac_cv_env_CFLAGS_value='-g -O2'
ac_cv_env_CPPFLAGS_set=set
ac_cv_env_CPPFLAGS_value=
ac_cv_env_CPP_set=
ac_cv_env_CPP_value=
ac_cv_env_GST_CFLAGS_set=
ac_cv_env_GST_CFLAGS_value=
ac_cv_env_GST_LIBS_set=
ac_cv_env_GST_LIBS_value=
ac_cv_env_LDFLAGS_set=set
ac_cv_env_LDFLAGS_value=-Wl,-Bsymbolic-functions
ac_cv_env_LIBS_set=
ac_cv_env_LIBS_value=
ac_cv_env_PKG_CONFIG_LIBDIR_set=
ac_cv_env_PKG_CONFIG_LIBDIR_value=
ac_cv_env_PKG_CONFIG_PATH_set=
ac_cv_env_PKG_CONFIG_PATH_value=
ac_cv_env_PKG_CONFIG_set=
ac_cv_env_PKG_CONFIG_value=
ac_cv_env_build_alias_set=set
ac_cv_env_build_alias_value=i686-linux-gnu
ac_cv_env_host_alias_set=
ac_cv_env_host_alias_value=
ac_cv_env_target_alias_set=
ac_cv_env_target_alias_value=
ac_cv_header_dlfcn_h=yes
ac_cv_header_inttypes_h=yes
ac_cv_header_memory_h=yes
ac_cv_header_stdc=yes
ac_cv_header_stdint_h=yes
ac_cv_header_stdlib_h=yes
ac_cv_header_string_h=yes
ac_cv_header_strings_h=yes
ac_cv_header_sys_stat_h=yes
ac_cv_header_sys_types_h=yes
ac_cv_header_unistd_h=yes
ac_cv_host=i686-pc-linux-gnu
ac_cv_objext=o
ac_cv_path_EGREP='/bin/grep -E'
ac_cv_path_FGREP='/bin/grep -F'
ac_cv_path_GREP=/bin/grep
ac_cv_path_SED=/bin/sed
ac_cv_path_ac_pt_PKG_CONFIG=/usr/bin/pkg-config
ac_cv_path_install='/usr/bin/install -c'
ac_cv_path_mkdir=/bin/mkdir
ac_cv_prog_AWK=gawk
ac_cv_prog_CPP='gcc -E'
ac_cv_prog_HAVE_PKGCONFIG=' '
ac_cv_prog_ac_ct_AR=ar
ac_cv_prog_ac_ct_CC=gcc
ac_cv_prog_ac_ct_OBJDUMP=objdump
ac_cv_prog_ac_ct_RANLIB=ranlib
ac_cv_prog_ac_ct_STRIP=strip
ac_cv_prog_cc_c89=
ac_cv_prog_cc_g=yes
ac_cv_prog_make_make_set=yes
am_cv_CC_dependencies_compiler_type=none
lt_cv_deplibs_check_method=pass_all
lt_cv_file_magic_cmd='$MAGIC_CMD'
lt_cv_file_magic_test_file=
lt_cv_ld_reload_flag=-r
lt_cv_nm_interface='BSD nm'
lt_cv_objdir=.libs
lt_cv_path_LD=/usr/bin/ld
lt_cv_path_NM='/usr/bin/nm -B'
lt_cv_prog_compiler_c_o=yes
lt_cv_prog_compiler_pic_works=yes
lt_cv_prog_compiler_rtti_exceptions=no
lt_cv_prog_compiler_static_works=yes
lt_cv_prog_gnu_ld=yes
lt_cv_sys_global_symbol_pipe='sed -n -e '\''s/^.*[	 ]\([ABCDGIRSTW][ABCDGIRSTW]*\)[	 ][	 ]*\([_A-Za-z][_A-Za-z0-9]*\)$/\1 \2 \2/p'\'''
lt_cv_sys_global_symbol_to_c_name_address='sed -n -e '\''s/^: \([^ ]*\) $/  {\"\1\", (void *) 0},/p'\'' -e '\''s/^[ABCDGIRSTW]* \([^ ]*\) \([^ ]*\)$/  {"\2", (void *) \&\2},/p'\'''
lt_cv_sys_global_symbol_to_c_name_address_lib_prefix='sed -n -e '\''s/^: \([^ ]*\) $/  {\"\1\", (void *) 0},/p'\'' -e '\''s/^[ABCDGIRSTW]* \([^ ]*\) \(lib[^ ]*\)$/  {"\2", (void *) \&\2},/p'\'' -e '\''s/^[ABCDGIRSTW]* \([^ ]*\) \([^ ]*\)$/  {"lib\2", (void *) \&\2},/p'\'''
lt_cv_sys_global_symbol_to_cdecl='sed -n -e '\''s/^T .* \(.*\)$/extern int \1();/p'\'' -e '\''s/^[ABCDGIRSTW]* .* \(.*\)$/extern char \1;/p'\'''
lt_cv_sys_max_cmd_len=805306365
pkg_cv_GST_CFLAGS='-pthread -I/usr/include/gstreamer-0.10 -I/usr/include/glib-2.0 -I/usr/lib/glib-2.0/include -I/usr/include/libxml2  '
pkg_cv_GST_LIBS='-pthread -lgstbase-0.10 -lgstcontroller-0.10 -lgstreamer-0.10 -lgobject-2.0 -lgmodule-2.0 -lxml2 -lgthread-2.0 -lrt -lglib-2.0  '

## ----------------- ##
## Output variables. ##
## ----------------- ##

ACLOCAL='${SHELL} /home/robert/Desktop/gstreamer-delta/gstreamer0.10-delta/missing --run aclocal-1.11'
AMDEPBACKSLASH=''
AMDEP_FALSE=''
AMDEP_TRUE='#'
AMTAR='${SHELL} /home/robert/Desktop/gstreamer-delta/gstreamer0.10-delta/missing --run tar'
AR='ar'
AUTOCONF='${SHELL} /home/robert/Desktop/gstreamer-delta/gstreamer0.10-delta/missing --run autoconf'
AUTOHEADER='${SHELL} /home/robert/Desktop/gstreamer-delta/gstreamer0.10-delta/missing --run autoheader'
AUTOMAKE='${SHELL} /home/robert/Desktop/gstreamer-delta/gstreamer0.10-delta/missing --run automake-1.11'
AWK='gawk'
CC='gcc'
CCDEPMODE='depmode=none'
CFLAGS='-g -O2 -Wall'
CPP='gcc -E'
CPPFLAGS=''
CYGPATH_W='echo'
DEFS='-DHAVE_CONFIG_H'
DEPDIR='.deps'
DSYMUTIL=''
DUMPBIN=''
ECHO_C=''
ECHO_N='-n'
ECHO_T=''
EGREP='/bin/grep -E'
EXEEXT=''
FGREP='/bin/grep -F'
GREP='/bin/grep'
GST_CFLAGS='-pthread -I/usr/include/gstreamer-0.10 -I/usr/include/glib-2.0 -I/usr/lib/glib-2.0/include -I/usr/include/libxml2   -Wall'
GST_LIBS='-pthread -lgstbase-0.10 -lgstcontroller-0.10 -lgstreamer-0.10 -lgobject-2.0 -lgmodule-2.0 -lxml2 -lgthread-2.0 -lrt -lglib-2.0  '
GST_PLUGIN_LDFLAGS='-module -avoid-version -export-symbols-regex _*\(gst_\|Gst\|GST_\).*'
HAVE_PKGCONFIG=' '
INSTALL_DATA='${INSTALL} -m 644'
INSTALL_PROGRAM='${INSTALL}'
INSTALL_SCRIPT='${INSTALL}'
INSTALL_STRIP_PROGRAM='$(install_sh) -c -s'
LD='/usr/bin/ld'
LDFLAGS='-Wl,-Bsymbolic-functions'
LIBOBJS=''
LIBS=''
LIBTOOL='$(SHELL) $(top_builddir)/libtool'
LIPO=''
LN_S='ln -s'
LTLIBOBJS=''
MAINT='#'
MAINTAINER_MODE_FALSE=''
MAINTAINER_MODE_TRUE='#'
MAKEINFO='${SHELL} /home/robert/Desktop/gstreamer-delta/gstreamer0.10-delta/missing --run makeinfo'
MKDIR_P='/bin/mkdir -p'
NM='/usr/bin/nm -B'
NMEDIT=''
OBJDUMP='objdump'
OBJEXT='o'
OTOOL64=''
OTOOL=''
PACKAGE='my-plugin-package'
PACKAGE_BUGREPORT=''
PACKAGE_NAME='delta-package'
PACKAGE_STRING='delta-package 0.10.0'
PACKAGE_TARNAME='delta-package'
PACKAGE_URL=''
PACKAGE_VERSION='0.10.0'
PATH_SEPARATOR=':'
PKG_CONFIG='/usr/bin/pkg-config'
PKG_CONFIG_LIBDIR=''
PKG_CONFIG_PATH=''
RANLIB='ranlib'
SED='/bin/sed'
SET_MAKE=''
SHELL='/bin/bash'
STRIP='strip'
VERSION='0.10.0'
ac_ct_CC='gcc'
ac_ct_DUMPBIN=''
am__EXEEXT_FALSE=''
am__EXEEXT_TRUE='#'
am__fastdepCC_FALSE=''
am__fastdepCC_TRUE='#'
am__include='include'
am__isrc=''
am__leading_dot='.'
am__quote=''
am__tar='${AMTAR} chof - "$$tardir"'
am__untar='${AMTAR} xf -'
bindir='${exec_prefix}/bin'
build='i686-pc-linux-gnu'
build_alias='i686-linux-gnu'
build_cpu='i686'
build_os='linux-gnu'
build_vendor='pc'
datadir='${datarootdir}'
datarootdir='${prefix}/share'
docdir='${datarootdir}/doc/${PACKAGE_TARNAME}'
dvidir='${docdir}'
exec_prefix='${prefix}'
host='i686-pc-linux-gnu'
host_alias=''
host_cpu='i686'
host_os='linux-gnu'
host_vendor='pc'
htmldir='${docdir}'
includedir='${prefix}/include'
infodir='${prefix}/share/info'
install_sh='${SHELL} /home/robert/Desktop/gstreamer-delta/gstreamer0.10-delta/install-sh'
libdir='${exec_prefix}/lib'
libexecdir='${prefix}/lib/gstreamer0.10-delta'
localedir='${datarootdir}/locale'
localstatedir='/var'
lt_ECHO='echo'
mandir='${prefix}/share/man'
mkdir_p='/bin/mkdir -p'
oldincludedir='/usr/include'
pdfdir='${docdir}'
plugindir='$(libdir)/gstreamer-0.10'
prefix='/usr'
program_transform_name='s,x,x,'
psdir='${docdir}'
sbindir='${exec_prefix}/sbin'
sharedstatedir='${prefix}/com'
sysconfdir='/etc'
target_alias=''

## ----------- ##
## confdefs.h. ##
## ----------- ##

/* confdefs.h */
#define PACKAGE_NAME "delta-package"
#define PACKAGE_TARNAME "delta-package"
#define PACKAGE_VERSION "0.10.0"
#define PACKAGE_STRING "delta-package 0.10.0"
#define PACKAGE_BUGREPORT ""
#define PACKAGE_URL ""
#define PACKAGE "my-plugin-package"
#define VERSION "0.10.0"
#define STDC_HEADERS 1
#define HAVE_SYS_TYPES_H 1
#define HAVE_SYS_STAT_H 1
#define HAVE_STDLIB_H 1
#define HAVE_STRING_H 1
#define HAVE_MEMORY_H 1
#define HAVE_STRINGS_H 1
#define HAVE_INTTYPES_H 1
#define HAVE_STDINT_H 1
#define HAVE_UNISTD_H 1
#define HAVE_DLFCN_H 1
#define LT_OBJDIR ".libs/"

configure: exit 0
